Determining if the pthread_create exist failed with the following output:
Change Dir: /home/wade/SJTU-swarm/swarm_ws/src/cmake-build-debug/CMakeFiles/CMakeTmp

Run Build Command:"/usr/bin/make" "cmTC_d6295/fast"
/usr/bin/make -f CMakeFiles/cmTC_d6295.dir/build.make CMakeFiles/cmTC_d6295.dir/build
make[1]: Entering directory '/home/wade/SJTU-swarm/swarm_ws/src/cmake-build-debug/CMakeFiles/CMakeTmp'
Building C object CMakeFiles/cmTC_d6295.dir/CheckSymbolExists.c.o
/usr/bin/cc    -o CMakeFiles/cmTC_d6295.dir/CheckSymbolExists.c.o   -c /home/wade/SJTU-swarm/swarm_ws/src/cmake-build-debug/CMakeFiles/CMakeTmp/CheckSymbolExists.c
Linking C executable cmTC_d6295
/home/wade/clion-2018.2.5/bin/cmake/linux/bin/cmake -E cmake_link_script CMakeFiles/cmTC_d6295.dir/link.txt --verbose=1
/usr/bin/cc      -rdynamic CMakeFiles/cmTC_d6295.dir/CheckSymbolExists.c.o  -o cmTC_d6295 
CMakeFiles/cmTC_d6295.dir/CheckSymbolExists.c.o: In function `main':
CheckSymbolExists.c:(.text+0x16): undefined reference to `pthread_create'
collect2: error: ld returned 1 exit status
CMakeFiles/cmTC_d6295.dir/build.make:86: recipe for target 'cmTC_d6295' failed
make[1]: *** [cmTC_d6295] Error 1
make[1]: Leaving directory '/home/wade/SJTU-swarm/swarm_ws/src/cmake-build-debug/CMakeFiles/CMakeTmp'
Makefile:121: recipe for target 'cmTC_d6295/fast' failed
make: *** [cmTC_d6295/fast] Error 2

File /home/wade/SJTU-swarm/swarm_ws/src/cmake-build-debug/CMakeFiles/CMakeTmp/CheckSymbolExists.c:
/* */
#include <pthread.h>

int main(int argc, char** argv)
{
  (void)argv;
#ifndef pthread_create
  return ((int*)(&pthread_create))[argc];
#else
  (void)argc;
  return 0;
#endif
}

Determining if the function pthread_create exists in the pthreads failed with the following output:
Change Dir: /home/wade/SJTU-swarm/swarm_ws/src/cmake-build-debug/CMakeFiles/CMakeTmp

Run Build Command:"/usr/bin/make" "cmTC_bb21f/fast"
/usr/bin/make -f CMakeFiles/cmTC_bb21f.dir/build.make CMakeFiles/cmTC_bb21f.dir/build
make[1]: Entering directory '/home/wade/SJTU-swarm/swarm_ws/src/cmake-build-debug/CMakeFiles/CMakeTmp'
Building C object CMakeFiles/cmTC_bb21f.dir/CheckFunctionExists.c.o
/usr/bin/cc   -DCHECK_FUNCTION_EXISTS=pthread_create   -o CMakeFiles/cmTC_bb21f.dir/CheckFunctionExists.c.o   -c /home/wade/clion-2018.2.5/bin/cmake/linux/share/cmake-3.12/Modules/CheckFunctionExists.c
Linking C executable cmTC_bb21f
/home/wade/clion-2018.2.5/bin/cmake/linux/bin/cmake -E cmake_link_script CMakeFiles/cmTC_bb21f.dir/link.txt --verbose=1
/usr/bin/cc  -DCHECK_FUNCTION_EXISTS=pthread_create    -rdynamic CMakeFiles/cmTC_bb21f.dir/CheckFunctionExists.c.o  -o cmTC_bb21f -lpthreads 
/usr/bin/ld: cannot find -lpthreads
collect2: error: ld returned 1 exit status
CMakeFiles/cmTC_bb21f.dir/build.make:86: recipe for target 'cmTC_bb21f' failed
make[1]: *** [cmTC_bb21f] Error 1
make[1]: Leaving directory '/home/wade/SJTU-swarm/swarm_ws/src/cmake-build-debug/CMakeFiles/CMakeTmp'
Makefile:121: recipe for target 'cmTC_bb21f/fast' failed
make: *** [cmTC_bb21f/fast] Error 2


